The target system is: Generic - 1 - ppc
The host system is: Linux - 5.10.16.3-microsoft-standard-WSL2 - x86_64
Compiling the C compiler identification source file "CMakeCCompilerId.c" succeeded.
Compiler: /opt/devkitpro/devkitPPC/bin/powerpc-eabi-gcc 
Build flags: -mcpu=750;-meabi;-mhard-float;-Wl,-q;-D__WIIU__;-D__WUT__
Id flags:  

The output was:
0
/opt/devkitpro/devkitPPC/bin/../lib/gcc/powerpc-eabi/11.1.0/../../../../powerpc-eabi/bin/ld: warning: cannot find entry symbol _start; defaulting to 00000000018000b8


Compilation of the C compiler identification source "CMakeCCompilerId.c" produced "a.out"

The C compiler identification is GNU, found in "/root/Downloads/build/CMakeFiles/3.18.4/CompilerIdC/a.out"

Detecting C compiler ABI info compiled with the following output:
Change Dir: /root/Downloads/build/CMakeFiles/CMakeTmp

Run Build Command(s):/usr/bin/gmake cmTC_0e4f2/fast && /usr/bin/gmake  -f CMakeFiles/cmTC_0e4f2.dir/build.make CMakeFiles/cmTC_0e4f2.dir/build
gmake[1]: Entering directory '/root/Downloads/build/CMakeFiles/CMakeTmp'
Building C object CMakeFiles/cmTC_0e4f2.dir/CMakeCCompilerABI.c.obj
/opt/devkitpro/devkitPPC/bin/powerpc-eabi-gcc  -isystem /opt/devkitpro/wut/include -mcpu=750 -meabi -mhard-float -Wl,-q -D__WIIU__ -D__WUT__    -v -o CMakeFiles/cmTC_0e4f2.dir/CMakeCCompilerABI.c.obj -c /usr/share/cmake-3.18/Modules/CMakeCCompilerABI.c
Using built-in specs.
COLLECT_GCC=/opt/devkitpro/devkitPPC/bin/powerpc-eabi-gcc
Target: powerpc-eabi
Configured with: ../../gcc-11.1.0/configure --enable-languages=c,c++,objc,lto --enable-lto --with-cpu=750 --disable-nls --disable-shared --enable-threads=dkp --disable-multilib --disable-win32-registry --disable-libstdcxx-pch --disable-libstdcxx-verbose --enable-libstdcxx-time=yes --enable-libstdcxx-filesystem-ts --disable-tm-clone-registry --disable-__cxa_atexit --enable-cxx-flags='-ffunction-sections -fdata-sections' --target=powerpc-eabi --with-newlib --with-headers=../../newlib-4.1.0/newlib/libc/include --prefix=/home/davem/projects/devkitpro/tool-packages/devkitPPC/src/build/devkitPPC --with-bugurl=https://github.com/devkitpro/buildscripts/issues --with-pkgversion='devkitPPC release 39' --build=x86_64-unknown-linux-gnu --with-gmp=/opt/devkitpro/crosstools/x86_64-linux-gnu --with-mpfr=/opt/devkitpro/crosstools/x86_64-linux-gnu --with-mpc=/opt/devkitpro/crosstools/x86_64-linux-gnu --with-isl=/opt/devkitpro/crosstools/x86_64-linux-gnu --with-zstd=/opt/devkitpro/crosstools/x86_64-linux-gnu 'CFLAGS_FOR_TARGET=-O2 -ffunction-sections -fdata-sections'
Thread model: dkp
Supported LTO compression algorithms: zlib zstd
gcc version 11.1.0 (devkitPPC release 39) 
COLLECT_GCC_OPTIONS='-isystem' '/opt/devkitpro/wut/include' '-mcpu=750' '-meabi' '-mhard-float' '-D' '__WIIU__' '-D' '__WUT__' '-v' '-o' 'CMakeFiles/cmTC_0e4f2.dir/CMakeCCompilerABI.c.obj' '-c' '-dumpdir' 'CMakeFiles/cmTC_0e4f2.dir/'
 /opt/devkitpro/devkitPPC/bin/../libexec/gcc/powerpc-eabi/11.1.0/cc1 -quiet -v -iprefix /opt/devkitpro/devkitPPC/bin/../lib/gcc/powerpc-eabi/11.1.0/ -D __WIIU__ -D __WUT__ -isystem /opt/devkitpro/wut/include /usr/share/cmake-3.18/Modules/CMakeCCompilerABI.c -mcall-sysv -quiet -dumpdir CMakeFiles/cmTC_0e4f2.dir/ -dumpbase CMakeCCompilerABI.c.c -dumpbase-ext .c -mcpu=750 -meabi -mhard-float -version -o /tmp/ccihpcO2.s
GNU C17 (devkitPPC release 39) version 11.1.0 (powerpc-eabi)
	compiled by GNU C version 8.3.0, GMP version 6.2.1, MPFR version 4.1.0, MPC version 1.2.1, isl version isl-0.18-GMP

GGC heuristics: --param ggc-min-expand=100 --param ggc-min-heapsize=131072
ignoring nonexistent directory "/opt/devkitpro/devkitPPC/bin/../lib/gcc/powerpc-eabi/11.1.0/../../../../powerpc-eabi/sys-include"
ignoring duplicate directory "/opt/devkitpro/devkitPPC/bin/../lib/gcc/../../lib/gcc/powerpc-eabi/11.1.0/include"
ignoring duplicate directory "/opt/devkitpro/devkitPPC/bin/../lib/gcc/../../lib/gcc/powerpc-eabi/11.1.0/include-fixed"
ignoring nonexistent directory "/opt/devkitpro/devkitPPC/bin/../lib/gcc/../../lib/gcc/powerpc-eabi/11.1.0/../../../../powerpc-eabi/sys-include"
ignoring duplicate directory "/opt/devkitpro/devkitPPC/bin/../lib/gcc/../../lib/gcc/powerpc-eabi/11.1.0/../../../../powerpc-eabi/include"
#include "..." search starts here:
#include <...> search starts here:
 /opt/devkitpro/wut/include
 /opt/devkitpro/devkitPPC/bin/../lib/gcc/powerpc-eabi/11.1.0/include
 /opt/devkitpro/devkitPPC/bin/../lib/gcc/powerpc-eabi/11.1.0/include-fixed
 /opt/devkitpro/devkitPPC/bin/../lib/gcc/powerpc-eabi/11.1.0/../../../../powerpc-eabi/include
End of search list.
GNU C17 (devkitPPC release 39) version 11.1.0 (powerpc-eabi)
	compiled by GNU C version 8.3.0, GMP version 6.2.1, MPFR version 4.1.0, MPC version 1.2.1, isl version isl-0.18-GMP

GGC heuristics: --param ggc-min-expand=100 --param ggc-min-heapsize=131072
Compiler executable checksum: 115c2b245d1cb6bcc940b0f5cd5b44b8
COLLECT_GCC_OPTIONS='-isystem' '/opt/devkitpro/wut/include' '-mcpu=750' '-meabi' '-mhard-float' '-D' '__WIIU__' '-D' '__WUT__' '-v' '-o' 'CMakeFiles/cmTC_0e4f2.dir/CMakeCCompilerABI.c.obj' '-c' '-dumpdir' 'CMakeFiles/cmTC_0e4f2.dir/'
 /opt/devkitpro/devkitPPC/bin/../lib/gcc/powerpc-eabi/11.1.0/../../../../powerpc-eabi/bin/as -mppc -many -mbig -o CMakeFiles/cmTC_0e4f2.dir/CMakeCCompilerABI.c.obj /tmp/ccihpcO2.s
COMPILER_PATH=/opt/devkitpro/devkitPPC/bin/../libexec/gcc/powerpc-eabi/11.1.0/:/opt/devkitpro/devkitPPC/bin/../libexec/gcc/:/opt/devkitpro/devkitPPC/bin/../lib/gcc/powerpc-eabi/11.1.0/../../../../powerpc-eabi/bin/
LIBRARY_PATH=/opt/devkitpro/devkitPPC/bin/../lib/gcc/powerpc-eabi/11.1.0/:/opt/devkitpro/devkitPPC/bin/../lib/gcc/:/opt/devkitpro/devkitPPC/bin/../lib/gcc/powerpc-eabi/11.1.0/../../../../powerpc-eabi/lib/
COLLECT_GCC_OPTIONS='-isystem' '/opt/devkitpro/wut/include' '-mcpu=750' '-meabi' '-mhard-float' '-D' '__WIIU__' '-D' '__WUT__' '-v' '-o' 'CMakeFiles/cmTC_0e4f2.dir/CMakeCCompilerABI.c.obj' '-c' '-dumpdir' 'CMakeFiles/cmTC_0e4f2.dir/CMakeCCompilerABI.c.'
Linking C executable cmTC_0e4f2
/usr/bin/cmake -E cmake_link_script CMakeFiles/cmTC_0e4f2.dir/link.txt --verbose=1
/opt/devkitpro/devkitPPC/bin/powerpc-eabi-gcc -mcpu=750 -meabi -mhard-float -Wl,-q -D__WIIU__ -D__WUT__  "-L/opt/devkitpro/wut/lib/stubs" -specs=/opt/devkitpro/wut/share/wut.specs -v CMakeFiles/cmTC_0e4f2.dir/CMakeCCompilerABI.c.obj -o cmTC_0e4f2 
Using built-in specs.
Reading specs from /opt/devkitpro/wut/share/wut.specs
rename spec link to old_link
COLLECT_GCC=/opt/devkitpro/devkitPPC/bin/powerpc-eabi-gcc
COLLECT_LTO_WRAPPER=/opt/devkitpro/devkitPPC/bin/../libexec/gcc/powerpc-eabi/11.1.0/lto-wrapper
Target: powerpc-eabi
Configured with: ../../gcc-11.1.0/configure --enable-languages=c,c++,objc,lto --enable-lto --with-cpu=750 --disable-nls --disable-shared --enable-threads=dkp --disable-multilib --disable-win32-registry --disable-libstdcxx-pch --disable-libstdcxx-verbose --enable-libstdcxx-time=yes --enable-libstdcxx-filesystem-ts --disable-tm-clone-registry --disable-__cxa_atexit --enable-cxx-flags='-ffunction-sections -fdata-sections' --target=powerpc-eabi --with-newlib --with-headers=../../newlib-4.1.0/newlib/libc/include --prefix=/home/davem/projects/devkitpro/tool-packages/devkitPPC/src/build/devkitPPC --with-bugurl=https://github.com/devkitpro/buildscripts/issues --with-pkgversion='devkitPPC release 39' --build=x86_64-unknown-linux-gnu --with-gmp=/opt/devkitpro/crosstools/x86_64-linux-gnu --with-mpfr=/opt/devkitpro/crosstools/x86_64-linux-gnu --with-mpc=/opt/devkitpro/crosstools/x86_64-linux-gnu --with-isl=/opt/devkitpro/crosstools/x86_64-linux-gnu --with-zstd=/opt/devkitpro/crosstools/x86_64-linux-gnu 'CFLAGS_FOR_TARGET=-O2 -ffunction-sections -fdata-sections'
Thread model: dkp
Supported LTO compression algorithms: zlib zstd
gcc version 11.1.0 (devkitPPC release 39) 
COMPILER_PATH=/opt/devkitpro/devkitPPC/bin/../libexec/gcc/powerpc-eabi/11.1.0/:/opt/devkitpro/devkitPPC/bin/../libexec/gcc/:/opt/devkitpro/devkitPPC/bin/../lib/gcc/powerpc-eabi/11.1.0/../../../../powerpc-eabi/bin/
LIBRARY_PATH=/opt/devkitpro/devkitPPC/bin/../lib/gcc/powerpc-eabi/11.1.0/:/opt/devkitpro/devkitPPC/bin/../lib/gcc/:/opt/devkitpro/devkitPPC/bin/../lib/gcc/powerpc-eabi/11.1.0/../../../../powerpc-eabi/lib/
COLLECT_GCC_OPTIONS='-mcpu=750' '-meabi' '-mhard-float' '-D' '__WIIU__' '-D' '__WUT__' '-L/opt/devkitpro/wut/lib/stubs' '-specs=/opt/devkitpro/wut/share/wut.specs' '-v' '-o' 'cmTC_0e4f2' '-dumpdir' 'cmTC_0e4f2.'
 /opt/devkitpro/devkitPPC/bin/../libexec/gcc/powerpc-eabi/11.1.0/collect2 -plugin /opt/devkitpro/devkitPPC/bin/../libexec/gcc/powerpc-eabi/11.1.0/liblto_plugin.so -plugin-opt=/opt/devkitpro/devkitPPC/bin/../libexec/gcc/powerpc-eabi/11.1.0/lto-wrapper -plugin-opt=-fresolution=/tmp/ccWPUjgs.res -plugin-opt=-pass-through=-lgcc -plugin-opt=-pass-through=-lsysbase -plugin-opt=-pass-through=-lc -plugin-opt=-pass-through=-lgcc --eh-frame-hdr -V -dn -Bstatic -T /opt/devkitpro/wut/share/wut.ld --gc-sections --emit-relocs -z nocopyreloc -o cmTC_0e4f2 /opt/devkitpro/devkitPPC/bin/../lib/gcc/powerpc-eabi/11.1.0/ecrti.o /opt/devkitpro/devkitPPC/bin/../lib/gcc/powerpc-eabi/11.1.0/crtbegin.o -L/opt/devkitpro/wut/lib/stubs -L/opt/devkitpro/devkitPPC/bin/../lib/gcc/powerpc-eabi/11.1.0 -L/opt/devkitpro/devkitPPC/bin/../lib/gcc -L/opt/devkitpro/devkitPPC/bin/../lib/gcc/powerpc-eabi/11.1.0/../../../../powerpc-eabi/lib -q CMakeFiles/cmTC_0e4f2.dir/CMakeCCompilerABI.c.obj -lgcc --start-group -lsysbase -lc --end-group -lgcc /opt/devkitpro/devkitPPC/bin/../lib/gcc/powerpc-eabi/11.1.0/crtend.o /opt/devkitpro/devkitPPC/bin/../lib/gcc/powerpc-eabi/11.1.0/ecrtn.o
GNU ld (GNU Binutils) 2.36.1
  Supported emulations:
   elf32ppc
   elf32ppclinux
   elf32ppcsim
   elf32lppc
   elf32lppclinux
   elf32lppcsim
   elf64ppc
   elf64lppc
/opt/devkitpro/devkitPPC/bin/../lib/gcc/powerpc-eabi/11.1.0/../../../../powerpc-eabi/bin/ld: warning: cannot find entry symbol __rpx_start; defaulting to 0000000002000000
COLLECT_GCC_OPTIONS='-mcpu=750' '-meabi' '-mhard-float' '-D' '__WIIU__' '-D' '__WUT__' '-L/opt/devkitpro/wut/lib/stubs' '-specs=/opt/devkitpro/wut/share/wut.specs' '-v' '-o' 'cmTC_0e4f2' '-dumpdir' 'cmTC_0e4f2.'
gmake[1]: Leaving directory '/root/Downloads/build/CMakeFiles/CMakeTmp'



Parsed C implicit include dir info from above output: rv=done
  found start of include info
  found start of implicit include info
    add: [/opt/devkitpro/wut/include]
    add: [/opt/devkitpro/devkitPPC/bin/../lib/gcc/powerpc-eabi/11.1.0/include]
    add: [/opt/devkitpro/devkitPPC/bin/../lib/gcc/powerpc-eabi/11.1.0/include-fixed]
    add: [/opt/devkitpro/devkitPPC/bin/../lib/gcc/powerpc-eabi/11.1.0/../../../../powerpc-eabi/include]
  end of search list found
  collapse include dir [/opt/devkitpro/wut/include] ==> [/opt/devkitpro/wut/include]
  collapse include dir [/opt/devkitpro/devkitPPC/bin/../lib/gcc/powerpc-eabi/11.1.0/include] ==> [/opt/devkitpro/devkitPPC/lib/gcc/powerpc-eabi/11.1.0/include]
  collapse include dir [/opt/devkitpro/devkitPPC/bin/../lib/gcc/powerpc-eabi/11.1.0/include-fixed] ==> [/opt/devkitpro/devkitPPC/lib/gcc/powerpc-eabi/11.1.0/include-fixed]
  collapse include dir [/opt/devkitpro/devkitPPC/bin/../lib/gcc/powerpc-eabi/11.1.0/../../../../powerpc-eabi/include] ==> [/opt/devkitpro/devkitPPC/powerpc-eabi/include]
  implicit include dirs: [/opt/devkitpro/wut/include;/opt/devkitpro/devkitPPC/lib/gcc/powerpc-eabi/11.1.0/include;/opt/devkitpro/devkitPPC/lib/gcc/powerpc-eabi/11.1.0/include-fixed;/opt/devkitpro/devkitPPC/powerpc-eabi/include]


Parsed C implicit link information from above output:
  link line regex: [^( *|.*[/\])(powerpc-eabi-ld|CMAKE_LINK_STARTFILE-NOTFOUND|([^/\]+-)?ld|collect2)[^/\]*( |$)]
  ignore line: [Change Dir: /root/Downloads/build/CMakeFiles/CMakeTmp]
  ignore line: []
  ignore line: [Run Build Command(s):/usr/bin/gmake cmTC_0e4f2/fast && /usr/bin/gmake  -f CMakeFiles/cmTC_0e4f2.dir/build.make CMakeFiles/cmTC_0e4f2.dir/build]
  ignore line: [gmake[1]: Entering directory '/root/Downloads/build/CMakeFiles/CMakeTmp']
  ignore line: [Building C object CMakeFiles/cmTC_0e4f2.dir/CMakeCCompilerABI.c.obj]
  ignore line: [/opt/devkitpro/devkitPPC/bin/powerpc-eabi-gcc  -isystem /opt/devkitpro/wut/include -mcpu=750 -meabi -mhard-float -Wl -q -D__WIIU__ -D__WUT__    -v -o CMakeFiles/cmTC_0e4f2.dir/CMakeCCompilerABI.c.obj -c /usr/share/cmake-3.18/Modules/CMakeCCompilerABI.c]
  ignore line: [Using built-in specs.]
  ignore line: [COLLECT_GCC=/opt/devkitpro/devkitPPC/bin/powerpc-eabi-gcc]
  ignore line: [Target: powerpc-eabi]
  ignore line: [Configured with: ../../gcc-11.1.0/configure --enable-languages=c c++ objc lto --enable-lto --with-cpu=750 --disable-nls --disable-shared --enable-threads=dkp --disable-multilib --disable-win32-registry --disable-libstdcxx-pch --disable-libstdcxx-verbose --enable-libstdcxx-time=yes --enable-libstdcxx-filesystem-ts --disable-tm-clone-registry --disable-__cxa_atexit --enable-cxx-flags='-ffunction-sections -fdata-sections' --target=powerpc-eabi --with-newlib --with-headers=../../newlib-4.1.0/newlib/libc/include --prefix=/home/davem/projects/devkitpro/tool-packages/devkitPPC/src/build/devkitPPC --with-bugurl=https://github.com/devkitpro/buildscripts/issues --with-pkgversion='devkitPPC release 39' --build=x86_64-unknown-linux-gnu --with-gmp=/opt/devkitpro/crosstools/x86_64-linux-gnu --with-mpfr=/opt/devkitpro/crosstools/x86_64-linux-gnu --with-mpc=/opt/devkitpro/crosstools/x86_64-linux-gnu --with-isl=/opt/devkitpro/crosstools/x86_64-linux-gnu --with-zstd=/opt/devkitpro/crosstools/x86_64-linux-gnu 'CFLAGS_FOR_TARGET=-O2 -ffunction-sections -fdata-sections']
  ignore line: [Thread model: dkp]
  ignore line: [Supported LTO compression algorithms: zlib zstd]
  ignore line: [gcc version 11.1.0 (devkitPPC release 39) ]
  ignore line: [COLLECT_GCC_OPTIONS='-isystem' '/opt/devkitpro/wut/include' '-mcpu=750' '-meabi' '-mhard-float' '-D' '__WIIU__' '-D' '__WUT__' '-v' '-o' 'CMakeFiles/cmTC_0e4f2.dir/CMakeCCompilerABI.c.obj' '-c' '-dumpdir' 'CMakeFiles/cmTC_0e4f2.dir/']
  ignore line: [ /opt/devkitpro/devkitPPC/bin/../libexec/gcc/powerpc-eabi/11.1.0/cc1 -quiet -v -iprefix /opt/devkitpro/devkitPPC/bin/../lib/gcc/powerpc-eabi/11.1.0/ -D __WIIU__ -D __WUT__ -isystem /opt/devkitpro/wut/include /usr/share/cmake-3.18/Modules/CMakeCCompilerABI.c -mcall-sysv -quiet -dumpdir CMakeFiles/cmTC_0e4f2.dir/ -dumpbase CMakeCCompilerABI.c.c -dumpbase-ext .c -mcpu=750 -meabi -mhard-float -version -o /tmp/ccihpcO2.s]
  ignore line: [GNU C17 (devkitPPC release 39) version 11.1.0 (powerpc-eabi)]
  ignore line: [	compiled by GNU C version 8.3.0  GMP version 6.2.1  MPFR version 4.1.0  MPC version 1.2.1  isl version isl-0.18-GMP]
  ignore line: []
  ignore line: [GGC heuristics: --param ggc-min-expand=100 --param ggc-min-heapsize=131072]
  ignore line: [ignoring nonexistent directory "/opt/devkitpro/devkitPPC/bin/../lib/gcc/powerpc-eabi/11.1.0/../../../../powerpc-eabi/sys-include"]
  ignore line: [ignoring duplicate directory "/opt/devkitpro/devkitPPC/bin/../lib/gcc/../../lib/gcc/powerpc-eabi/11.1.0/include"]
  ignore line: [ignoring duplicate directory "/opt/devkitpro/devkitPPC/bin/../lib/gcc/../../lib/gcc/powerpc-eabi/11.1.0/include-fixed"]
  ignore line: [ignoring nonexistent directory "/opt/devkitpro/devkitPPC/bin/../lib/gcc/../../lib/gcc/powerpc-eabi/11.1.0/../../../../powerpc-eabi/sys-include"]
  ignore line: [ignoring duplicate directory "/opt/devkitpro/devkitPPC/bin/../lib/gcc/../../lib/gcc/powerpc-eabi/11.1.0/../../../../powerpc-eabi/include"]
  ignore line: [#include "..." search starts here:]
  ignore line: [#include <...> search starts here:]
  ignore line: [ /opt/devkitpro/wut/include]
  ignore line: [ /opt/devkitpro/devkitPPC/bin/../lib/gcc/powerpc-eabi/11.1.0/include]
  ignore line: [ /opt/devkitpro/devkitPPC/bin/../lib/gcc/powerpc-eabi/11.1.0/include-fixed]
  ignore line: [ /opt/devkitpro/devkitPPC/bin/../lib/gcc/powerpc-eabi/11.1.0/../../../../powerpc-eabi/include]
  ignore line: [End of search list.]
  ignore line: [GNU C17 (devkitPPC release 39) version 11.1.0 (powerpc-eabi)]
  ignore line: [	compiled by GNU C version 8.3.0  GMP version 6.2.1  MPFR version 4.1.0  MPC version 1.2.1  isl version isl-0.18-GMP]
  ignore line: []
  ignore line: [GGC heuristics: --param ggc-min-expand=100 --param ggc-min-heapsize=131072]
  ignore line: [Compiler executable checksum: 115c2b245d1cb6bcc940b0f5cd5b44b8]
  ignore line: [COLLECT_GCC_OPTIONS='-isystem' '/opt/devkitpro/wut/include' '-mcpu=750' '-meabi' '-mhard-float' '-D' '__WIIU__' '-D' '__WUT__' '-v' '-o' 'CMakeFiles/cmTC_0e4f2.dir/CMakeCCompilerABI.c.obj' '-c' '-dumpdir' 'CMakeFiles/cmTC_0e4f2.dir/']
  ignore line: [ /opt/devkitpro/devkitPPC/bin/../lib/gcc/powerpc-eabi/11.1.0/../../../../powerpc-eabi/bin/as -mppc -many -mbig -o CMakeFiles/cmTC_0e4f2.dir/CMakeCCompilerABI.c.obj /tmp/ccihpcO2.s]
  ignore line: [COMPILER_PATH=/opt/devkitpro/devkitPPC/bin/../libexec/gcc/powerpc-eabi/11.1.0/:/opt/devkitpro/devkitPPC/bin/../libexec/gcc/:/opt/devkitpro/devkitPPC/bin/../lib/gcc/powerpc-eabi/11.1.0/../../../../powerpc-eabi/bin/]
  ignore line: [LIBRARY_PATH=/opt/devkitpro/devkitPPC/bin/../lib/gcc/powerpc-eabi/11.1.0/:/opt/devkitpro/devkitPPC/bin/../lib/gcc/:/opt/devkitpro/devkitPPC/bin/../lib/gcc/powerpc-eabi/11.1.0/../../../../powerpc-eabi/lib/]
  ignore line: [COLLECT_GCC_OPTIONS='-isystem' '/opt/devkitpro/wut/include' '-mcpu=750' '-meabi' '-mhard-float' '-D' '__WIIU__' '-D' '__WUT__' '-v' '-o' 'CMakeFiles/cmTC_0e4f2.dir/CMakeCCompilerABI.c.obj' '-c' '-dumpdir' 'CMakeFiles/cmTC_0e4f2.dir/CMakeCCompilerABI.c.']
  ignore line: [Linking C executable cmTC_0e4f2]
  ignore line: [/usr/bin/cmake -E cmake_link_script CMakeFiles/cmTC_0e4f2.dir/link.txt --verbose=1]
  ignore line: [/opt/devkitpro/devkitPPC/bin/powerpc-eabi-gcc -mcpu=750 -meabi -mhard-float -Wl -q -D__WIIU__ -D__WUT__  "-L/opt/devkitpro/wut/lib/stubs" -specs=/opt/devkitpro/wut/share/wut.specs -v CMakeFiles/cmTC_0e4f2.dir/CMakeCCompilerABI.c.obj -o cmTC_0e4f2 ]
  ignore line: [Using built-in specs.]
  ignore line: [Reading specs from /opt/devkitpro/wut/share/wut.specs]
  ignore line: [rename spec link to old_link]
  ignore line: [COLLECT_GCC=/opt/devkitpro/devkitPPC/bin/powerpc-eabi-gcc]
  ignore line: [COLLECT_LTO_WRAPPER=/opt/devkitpro/devkitPPC/bin/../libexec/gcc/powerpc-eabi/11.1.0/lto-wrapper]
  ignore line: [Target: powerpc-eabi]
  ignore line: [Configured with: ../../gcc-11.1.0/configure --enable-languages=c c++ objc lto --enable-lto --with-cpu=750 --disable-nls --disable-shared --enable-threads=dkp --disable-multilib --disable-win32-registry --disable-libstdcxx-pch --disable-libstdcxx-verbose --enable-libstdcxx-time=yes --enable-libstdcxx-filesystem-ts --disable-tm-clone-registry --disable-__cxa_atexit --enable-cxx-flags='-ffunction-sections -fdata-sections' --target=powerpc-eabi --with-newlib --with-headers=../../newlib-4.1.0/newlib/libc/include --prefix=/home/davem/projects/devkitpro/tool-packages/devkitPPC/src/build/devkitPPC --with-bugurl=https://github.com/devkitpro/buildscripts/issues --with-pkgversion='devkitPPC release 39' --build=x86_64-unknown-linux-gnu --with-gmp=/opt/devkitpro/crosstools/x86_64-linux-gnu --with-mpfr=/opt/devkitpro/crosstools/x86_64-linux-gnu --with-mpc=/opt/devkitpro/crosstools/x86_64-linux-gnu --with-isl=/opt/devkitpro/crosstools/x86_64-linux-gnu --with-zstd=/opt/devkitpro/crosstools/x86_64-linux-gnu 'CFLAGS_FOR_TARGET=-O2 -ffunction-sections -fdata-sections']
  ignore line: [Thread model: dkp]
  ignore line: [Supported LTO compression algorithms: zlib zstd]
  ignore line: [gcc version 11.1.0 (devkitPPC release 39) ]
  ignore line: [COMPILER_PATH=/opt/devkitpro/devkitPPC/bin/../libexec/gcc/powerpc-eabi/11.1.0/:/opt/devkitpro/devkitPPC/bin/../libexec/gcc/:/opt/devkitpro/devkitPPC/bin/../lib/gcc/powerpc-eabi/11.1.0/../../../../powerpc-eabi/bin/]
  ignore line: [LIBRARY_PATH=/opt/devkitpro/devkitPPC/bin/../lib/gcc/powerpc-eabi/11.1.0/:/opt/devkitpro/devkitPPC/bin/../lib/gcc/:/opt/devkitpro/devkitPPC/bin/../lib/gcc/powerpc-eabi/11.1.0/../../../../powerpc-eabi/lib/]
  ignore line: [COLLECT_GCC_OPTIONS='-mcpu=750' '-meabi' '-mhard-float' '-D' '__WIIU__' '-D' '__WUT__' '-L/opt/devkitpro/wut/lib/stubs' '-specs=/opt/devkitpro/wut/share/wut.specs' '-v' '-o' 'cmTC_0e4f2' '-dumpdir' 'cmTC_0e4f2.']
  link line: [ /opt/devkitpro/devkitPPC/bin/../libexec/gcc/powerpc-eabi/11.1.0/collect2 -plugin /opt/devkitpro/devkitPPC/bin/../libexec/gcc/powerpc-eabi/11.1.0/liblto_plugin.so -plugin-opt=/opt/devkitpro/devkitPPC/bin/../libexec/gcc/powerpc-eabi/11.1.0/lto-wrapper -plugin-opt=-fresolution=/tmp/ccWPUjgs.res -plugin-opt=-pass-through=-lgcc -plugin-opt=-pass-through=-lsysbase -plugin-opt=-pass-through=-lc -plugin-opt=-pass-through=-lgcc --eh-frame-hdr -V -dn -Bstatic -T /opt/devkitpro/wut/share/wut.ld --gc-sections --emit-relocs -z nocopyreloc -o cmTC_0e4f2 /opt/devkitpro/devkitPPC/bin/../lib/gcc/powerpc-eabi/11.1.0/ecrti.o /opt/devkitpro/devkitPPC/bin/../lib/gcc/powerpc-eabi/11.1.0/crtbegin.o -L/opt/devkitpro/wut/lib/stubs -L/opt/devkitpro/devkitPPC/bin/../lib/gcc/powerpc-eabi/11.1.0 -L/opt/devkitpro/devkitPPC/bin/../lib/gcc -L/opt/devkitpro/devkitPPC/bin/../lib/gcc/powerpc-eabi/11.1.0/../../../../powerpc-eabi/lib -q CMakeFiles/cmTC_0e4f2.dir/CMakeCCompilerABI.c.obj -lgcc --start-group -lsysbase -lc --end-group -lgcc /opt/devkitpro/devkitPPC/bin/../lib/gcc/powerpc-eabi/11.1.0/crtend.o /opt/devkitpro/devkitPPC/bin/../lib/gcc/powerpc-eabi/11.1.0/ecrtn.o]
    arg [/opt/devkitpro/devkitPPC/bin/../libexec/gcc/powerpc-eabi/11.1.0/collect2] ==> ignore
    arg [-plugin] ==> ignore
    arg [/opt/devkitpro/devkitPPC/bin/../libexec/gcc/powerpc-eabi/11.1.0/liblto_plugin.so] ==> ignore
    arg [-plugin-opt=/opt/devkitpro/devkitPPC/bin/../libexec/gcc/powerpc-eabi/11.1.0/lto-wrapper] ==> ignore
    arg [-plugin-opt=-fresolution=/tmp/ccWPUjgs.res] ==> ignore
    arg [-plugin-opt=-pass-through=-lgcc] ==> ignore
    arg [-plugin-opt=-pass-through=-lsysbase] ==> ignore
    arg [-plugin-opt=-pass-through=-lc] ==> ignore
    arg [-plugin-opt=-pass-through=-lgcc] ==> ignore
    arg [--eh-frame-hdr] ==> ignore
    arg [-V] ==> ignore
    arg [-dn] ==> ignore
    arg [-Bstatic] ==> ignore
    arg [-T] ==> ignore
    arg [/opt/devkitpro/wut/share/wut.ld] ==> ignore
    arg [--gc-sections] ==> ignore
    arg [--emit-relocs] ==> ignore
    arg [-znocopyreloc] ==> ignore
    arg [-o] ==> ignore
    arg [cmTC_0e4f2] ==> ignore
    arg [/opt/devkitpro/devkitPPC/bin/../lib/gcc/powerpc-eabi/11.1.0/ecrti.o] ==> ignore
    arg [/opt/devkitpro/devkitPPC/bin/../lib/gcc/powerpc-eabi/11.1.0/crtbegin.o] ==> ignore
    arg [-L/opt/devkitpro/wut/lib/stubs] ==> dir [/opt/devkitpro/wut/lib/stubs]
    arg [-L/opt/devkitpro/devkitPPC/bin/../lib/gcc/powerpc-eabi/11.1.0] ==> dir [/opt/devkitpro/devkitPPC/bin/../lib/gcc/powerpc-eabi/11.1.0]
    arg [-L/opt/devkitpro/devkitPPC/bin/../lib/gcc] ==> dir [/opt/devkitpro/devkitPPC/bin/../lib/gcc]
    arg [-L/opt/devkitpro/devkitPPC/bin/../lib/gcc/powerpc-eabi/11.1.0/../../../../powerpc-eabi/lib] ==> dir [/opt/devkitpro/devkitPPC/bin/../lib/gcc/powerpc-eabi/11.1.0/../../../../powerpc-eabi/lib]
    arg [-q] ==> ignore
    arg [CMakeFiles/cmTC_0e4f2.dir/CMakeCCompilerABI.c.obj] ==> ignore
    arg [-lgcc] ==> lib [gcc]
    arg [--start-group] ==> ignore
    arg [-lsysbase] ==> lib [sysbase]
    arg [-lc] ==> lib [c]
    arg [--end-group] ==> ignore
    arg [-lgcc] ==> lib [gcc]
    arg [/opt/devkitpro/devkitPPC/bin/../lib/gcc/powerpc-eabi/11.1.0/crtend.o] ==> ignore
    arg [/opt/devkitpro/devkitPPC/bin/../lib/gcc/powerpc-eabi/11.1.0/ecrtn.o] ==> ignore
  collapse library dir [/opt/devkitpro/wut/lib/stubs] ==> [/opt/devkitpro/wut/lib/stubs]
  collapse library dir [/opt/devkitpro/devkitPPC/bin/../lib/gcc/powerpc-eabi/11.1.0] ==> [/opt/devkitpro/devkitPPC/lib/gcc/powerpc-eabi/11.1.0]
  collapse library dir [/opt/devkitpro/devkitPPC/bin/../lib/gcc] ==> [/opt/devkitpro/devkitPPC/lib/gcc]
  collapse library dir [/opt/devkitpro/devkitPPC/bin/../lib/gcc/powerpc-eabi/11.1.0/../../../../powerpc-eabi/lib] ==> [/opt/devkitpro/devkitPPC/powerpc-eabi/lib]
  implicit libs: [gcc;sysbase;c;gcc]
  implicit dirs: [/opt/devkitpro/wut/lib/stubs;/opt/devkitpro/devkitPPC/lib/gcc/powerpc-eabi/11.1.0;/opt/devkitpro/devkitPPC/lib/gcc;/opt/devkitpro/devkitPPC/powerpc-eabi/lib]
  implicit fwks: []


